<?xml version="1.0" encoding="UTF-8"?>
<testng-results skipped="0" failed="0" ignored="0" total="1" passed="1">
  <reporter-output>
  </reporter-output>
  <suite name="Default suite" duration-ms="3927" started-at="2020-06-12T18:04:34 IST" finished-at="2020-06-12T18:04:38 IST">
    <groups>
    </groups>
    <test name="Default test" duration-ms="3927" started-at="2020-06-12T18:04:34 IST" finished-at="2020-06-12T18:04:38 IST">
      <class name="testCases.TC0001_GET_Request">
        <test-method status="PASS" signature="getWeatherDetails()[pri:0, instance:testCases.TC0001_GET_Request@4f063c0a]" name="getWeatherDetails" duration-ms="3867" started-at="2020-06-12T18:04:35 IST" finished-at="2020-06-12T18:04:38 IST">
          <reporter-output>
          </reporter-output>
        </test-method> <!-- getWeatherDetails -->
      </class> <!-- testCases.TC0001_GET_Request -->
    </test> <!-- Default test -->
  </suite> <!-- Default suite -->
</testng-results>
